Unity Editor version:    2020.3.26f1 (7298b473bc1a)
Branch:                  2020.3/staging
Build type:              Release
Batch mode:              YES
macOS version:           Version 12.2 (Build 21D49)
Darwin version:          21.3.0
Architecture:            x86_64
Running under Rosetta:   NO
Available memory:        8192 MB
Using pre-set license
Pro License: NO

COMMAND LINE ARGUMENTS:
/Users/thokar1/2020.3.26f1/Unity.app/Contents/MacOS/Unity
-adb2
-batchMode
-noUpm
-name
AssetImportWorker0
-projectPath
/Users/thokar1/Documents/GitHub/MailDog
-logFile
Logs/AssetImportWorker0.log
-srvPort
58946
Successfully changed project path to: /Users/thokar1/Documents/GitHub/MailDog
/Users/thokar1/Documents/GitHub/MailDog
Using Asset Import Pipeline V2.
Refreshing native plugins compatible for Editor in 90.51 ms, found 2 plugins.
Preloading 0 native plugins for Editor in 0.00 ms.
Initialize engine version: 2020.3.26f1 (7298b473bc1a)
[Subsystems] Discovering subsystems at path /Users/thokar1/2020.3.26f1/Unity.app/Contents/Resources/UnitySubsystems
[Subsystems] Discovering subsystems at path /Users/thokar1/Documents/GitHub/MailDog/Assets
GfxDevice: creating device client; threaded=0
2022-04-22 13:31:31.261 Unity[86476:2925419] Color LCD preferred device: Intel(R) Iris(TM) Graphics 6000 (low power)
2022-04-22 13:31:31.261 Unity[86476:2925419] Metal devices available: 1
2022-04-22 13:31:31.261 Unity[86476:2925419] 0: Intel(R) Iris(TM) Graphics 6000 (low power)
2022-04-22 13:31:31.263 Unity[86476:2925419] Using device Intel(R) Iris(TM) Graphics 6000 (low power)
Initializing Metal device caps: Intel(R) Iris(TM) Graphics 6000
Initialize mono
Mono path[0] = '/Users/thokar1/2020.3.26f1/Unity.app/Contents/Managed'
Mono path[1] = '/Users/thokar1/2020.3.26f1/Unity.app/Contents/MonoBleedingEdge/lib/mono/unityjit'
Mono config path = '/Users/thokar1/2020.3.26f1/Unity.app/Contents/MonoBleedingEdge/etc'
Using monoOptions --debugger-agent=transport=dt_socket,embedding=1,server=y,suspend=n,address=127.0.0.1:56476
Begin MonoManager ReloadAssembly
Registering precompiled unity dll's ...
Register platform support module: /Users/thokar1/2020.3.26f1/Unity.app/Contents/PlaybackEngines/MacStandaloneSupport/UnityEditor.OSXStandalone.Extensions.dll
Register platform support module: /Users/thokar1/2020.3.26f1/PlaybackEngines/WindowsStandaloneSupport/UnityEditor.WindowsStandalone.Extensions.dll
Registered in 0.007695 seconds.
Native extension for WindowsStandalone target not found
Native extension for OSXStandalone target not found
Refreshing native plugins compatible for Editor in 58.01 ms, found 2 plugins.
Preloading 0 native plugins for Editor in 0.00 ms.
Mono: successfully reloaded assembly
- Completed reload, in  1.116 seconds
Domain Reload Profiling:
	ReloadAssembly (1118ms)
		BeginReloadAssembly (70ms)
			ExecutionOrderSort (0ms)
			DisableScriptedObjects (0ms)
			BackupInstance (0ms)
			ReleaseScriptingObjects (0ms)
			CreateAndSetChildDomain (1ms)
		EndReloadAssembly (900ms)
			LoadAssemblies (80ms)
			RebuildTransferFunctionScriptingTraits (0ms)
			SetupTypeCache (296ms)
			ReleaseScriptCaches (0ms)
			RebuildScriptCaches (70ms)
			SetupLoadedEditorAssemblies (354ms)
				LogAssemblyErrors (0ms)
				InitializePlatformSupportModulesInManaged (8ms)
				SetLoadedEditorAssemblies (1ms)
				RefreshPlugins (58ms)
				BeforeProcessingInitializeOnLoad (54ms)
				ProcessInitializeOnLoadAttributes (178ms)
				ProcessInitializeOnLoadMethodAttributes (56ms)
				AfterProcessingInitializeOnLoad (0ms)
				EditorAssembliesLoaded (0ms)
			ExecutionOrderSort2 (0ms)
			AwakeInstancesAfterBackupRestoration (0ms)
Platform modules already initialized, skipping
Registering precompiled user dll's ...
Registered in 0.032131 seconds.
Begin MonoManager ReloadAssembly
Native extension for WindowsStandalone target not found
Native extension for OSXStandalone target not found
Refreshing native plugins compatible for Editor in 52.65 ms, found 2 plugins.
Preloading 0 native plugins for Editor in 0.00 ms.
Mono: successfully reloaded assembly
- Completed reload, in  2.547 seconds
Domain Reload Profiling:
	ReloadAssembly (2550ms)
		BeginReloadAssembly (221ms)
			ExecutionOrderSort (0ms)
			DisableScriptedObjects (8ms)
			BackupInstance (0ms)
			ReleaseScriptingObjects (0ms)
			CreateAndSetChildDomain (35ms)
		EndReloadAssembly (2232ms)
			LoadAssemblies (259ms)
			RebuildTransferFunctionScriptingTraits (0ms)
			SetupTypeCache (524ms)
			ReleaseScriptCaches (1ms)
			RebuildScriptCaches (83ms)
			SetupLoadedEditorAssemblies (1159ms)
				LogAssemblyErrors (0ms)
				InitializePlatformSupportModulesInManaged (6ms)
				SetLoadedEditorAssemblies (0ms)
				RefreshPlugins (53ms)
				BeforeProcessingInitializeOnLoad (106ms)
				ProcessInitializeOnLoadAttributes (975ms)
				ProcessInitializeOnLoadMethodAttributes (18ms)
				AfterProcessingInitializeOnLoad (1ms)
				EditorAssembliesLoaded (0ms)
			ExecutionOrderSort2 (0ms)
			AwakeInstancesAfterBackupRestoration (11ms)
Platform modules already initialized, skipping
Validating Project structure ... 0.041788 seconds.
Shader import version has changed; will reimport all shaders...
Upgrading shader files ...0.075855 seconds.
Application.AssetDatabase Initial Script Refresh Start
RefreshInfo: InitialScriptRefreshV2(NoUpdateAssetOptions) scanfilter:  ... 1 filters
RefreshProfiler: Total: 0.000ms
Application.AssetDatabase Initial Script Refresh End
Application.AssetDatabase.Refresh Start
Application.AssetDatabase.Refresh End
RefreshInfo: StopAssetImportingV2(ForceSynchronousImport) scanfilter: 
RefreshProfiler: Total: 0.000ms
Launching external process: /Users/thokar1/2020.3.26f1/Unity.app/Contents/Tools/UnityShaderCompiler
Launched and connected shader compiler UnityShaderCompiler after 0.03 seconds
Initializing Unity extensions:
2022-04-22 13:31:44.997 Unity[86476:2925419] NSEventModifierFlagFunction specified to -setKeyEquivalentModifierMask: for item <NSMenuItem: 0x600002ba4150 Font Asset, ke='Command-F12'>, but is only supported for system-provided menu items; will not be used
2022-04-22 13:31:45.002 Unity[86476:2925419] NSEventModifierFlagFunction specified to -setKeyEquivalentModifierMask: for item <NSMenuItem: 0x600002bd04d0 Font Asset, ke='Command-F12'>, but is only supported for system-provided menu items; will not be used
========================================================================
Worker process is ready to serve import requests
Refreshing native plugins compatible for Editor in 0.52 ms, found 2 plugins.
Preloading 0 native plugins for Editor in 0.00 ms.
Unloading 1757 Unused Serialized files (Serialized files now loaded: 0)
System memory in use before: 200.9 MB.
System memory in use after: 200.0 MB.

Unloading 138 unused Assets to reduce memory usage. Loaded Objects now: 2240.
Total: 7.785146 ms (FindLiveObjects: 0.241030 ms CreateObjectMapping: 0.078880 ms MarkObjects: 5.797368 ms  DeleteObjects: 1.664243 ms)

AssetImportParameters requested are different than current active one (requested -> active):
  custom:video-decoder-ogg-theora: a1e56fd34408186e4bbccfd4996cb3dc -> 
  custom:container-muxer-webm: aa71ff27fc2769a1b78a27578f13a17b -> 
  custom:container-demuxer-webm: 4f35f7cbe854078d1ac9338744f61a02 -> 
  custom:container-demuxer-ogg: 62fdf1f143b41e24485cea50d1cbac27 -> 
  custom:video-encoder-webm-vp8: eb34c28f22e8b96e1ab97ce403110664 -> 
  custom:framework-osx-AVFoundation: e770b220cccbd017edd2c1fefb359320 -> 
  custom:video-decoder-webm-vp8: 9c59270c3fd7afecdb556c50c9e8de78 -> 
  custom:audio-decoder-ogg-vorbis: bf7c407c2cedff20999df2af8eb42d56 -> 
  custom:audio-encoder-webm-vorbis: bf7c407c2cedff20999df2af8eb42d56 -> 
========================================================================
Received Import Request.
  path: Assets/Audio/PlaceHolder/CN_ATBP_CharacterSelect_Loop.ogg
  artifactKey: Guid(b46789dbd1dc64b47976c5dffe06ce3d) Importer(815301076,1909f56bfc062723c751e8b465ee728b)
Start importing Assets/Audio/PlaceHolder/CN_ATBP_CharacterSelect_Loop.ogg using Guid(b46789dbd1dc64b47976c5dffe06ce3d) Importer(815301076,1909f56bfc062723c751e8b465ee728b)  -> (artifact id: 'ef0110bdd05c5ecf8ff0d3591fc93486') in 1.076609 seconds 
  Import took 1.092787 seconds .

========================================================================
Received Import Request.
  Time since last request: 0.000609 seconds.
  path: Assets/Audio/PlaceHolder
  artifactKey: Guid(ea5d0e63cf2e44c4c99056c1c630f40a) Importer(815301076,1909f56bfc062723c751e8b465ee728b)
Start importing Assets/Audio/PlaceHolder using Guid(ea5d0e63cf2e44c4c99056c1c630f40a) Importer(815301076,1909f56bfc062723c751e8b465ee728b)  -> (artifact id: 'a317118dd963f9a11f6bba6f745bcf35') in 0.003014 seconds 
  Import took 0.009102 seconds .

========================================================================
Received Import Request.
  Time since last request: 0.001093 seconds.
  path: Assets/Audio/PlaceHolder/CN_ATBP_Login_Loop.ogg
  artifactKey: Guid(e3272ad8c602981439282134eaa98e0f) Importer(815301076,1909f56bfc062723c751e8b465ee728b)
Start importing Assets/Audio/PlaceHolder/CN_ATBP_Login_Loop.ogg using Guid(e3272ad8c602981439282134eaa98e0f) Importer(815301076,1909f56bfc062723c751e8b465ee728b)  -> (artifact id: 'fffe734550730e8edffa151837c5ccb2') in 0.038168 seconds 
  Import took 0.048828 seconds .

========================================================================
Received Import Request.
  Time since last request: 0.001255 seconds.
  path: Assets/Audio
  artifactKey: Guid(ec089b2c8733244958af612dc45cf709) Importer(815301076,1909f56bfc062723c751e8b465ee728b)
Start importing Assets/Audio using Guid(ec089b2c8733244958af612dc45cf709) Importer(815301076,1909f56bfc062723c751e8b465ee728b)  -> (artifact id: '912ed0c136373fdde5d539909f1445e1') in 0.004366 seconds 
  Import took 0.013118 seconds .

========================================================================
Received Prepare
Refreshing native plugins compatible for Editor in 51.97 ms, found 2 plugins.
Preloading 0 native plugins for Editor in 0.00 ms.
Unloading 15 Unused Serialized files (Serialized files now loaded: 0)
System memory in use before: 165.8 MB.
System memory in use after: 165.7 MB.

Unloading 15 unused Assets to reduce memory usage. Loaded Objects now: 2248.
Total: 8.653585 ms (FindLiveObjects: 0.275625 ms CreateObjectMapping: 0.133545 ms MarkObjects: 7.916540 ms  DeleteObjects: 0.325839 ms)

AssetImportParameters requested are different than current active one (requested -> active):
  custom:video-decoder-ogg-theora: a1e56fd34408186e4bbccfd4996cb3dc -> 
  custom:container-muxer-webm: aa71ff27fc2769a1b78a27578f13a17b -> 
  custom:container-demuxer-webm: 4f35f7cbe854078d1ac9338744f61a02 -> 
  custom:container-demuxer-ogg: 62fdf1f143b41e24485cea50d1cbac27 -> 
  custom:video-encoder-webm-vp8: eb34c28f22e8b96e1ab97ce403110664 -> 
  custom:framework-osx-AVFoundation: e770b220cccbd017edd2c1fefb359320 -> 
  custom:video-decoder-webm-vp8: 9c59270c3fd7afecdb556c50c9e8de78 -> 
  custom:audio-decoder-ogg-vorbis: bf7c407c2cedff20999df2af8eb42d56 -> 
  custom:audio-encoder-webm-vorbis: bf7c407c2cedff20999df2af8eb42d56 -> 
========================================================================
Received Import Request.
  Time since last request: 491.172696 seconds.
  path: Assets/Scenes/Testing.unity
  artifactKey: Guid(05fef3c91d6654f39b282e861aefcc78) Importer(815301076,1909f56bfc062723c751e8b465ee728b)
Start importing Assets/Scenes/Testing.unity using Guid(05fef3c91d6654f39b282e861aefcc78) Importer(815301076,1909f56bfc062723c751e8b465ee728b)  -> (artifact id: 'ead37d31ee32a66c91f80097a567be55') in 0.010566 seconds 
  Import took 0.017967 seconds .

========================================================================
Received Import Request.
  Time since last request: 3.024019 seconds.
  path: Assets/Scenes/Testing
  artifactKey: Guid(29d05b6f7e0e54cc2b59df70b264d93f) Importer(815301076,1909f56bfc062723c751e8b465ee728b)
Start importing Assets/Scenes/Testing using Guid(29d05b6f7e0e54cc2b59df70b264d93f) Importer(815301076,1909f56bfc062723c751e8b465ee728b)  -> (artifact id: '33fb9ccadcd96c8de7f0b352f0672819') in 0.004109 seconds 
  Import took 0.021163 seconds .

========================================================================
Received Import Request.
  Time since last request: 0.127116 seconds.
  path: Assets/Scenes/Testing/NavMesh.asset
  artifactKey: Guid(10389749303104da6a772be56987eddc) Importer(815301076,1909f56bfc062723c751e8b465ee728b)
Start importing Assets/Scenes/Testing/NavMesh.asset using Guid(10389749303104da6a772be56987eddc) Importer(815301076,1909f56bfc062723c751e8b465ee728b)  -> (artifact id: 'd1f75cf218f7b975b65802992f79f4d0') in 2.172661 seconds 
  Import took 2.186882 seconds .

========================================================================
Received Import Request.
  Time since last request: 0.477189 seconds.
  path: Assets/Scenes/Testing/Main Camera.prefab
  artifactKey: Guid(cb7cd0027272e4a338f8aa87426d7368) Importer(815301076,1909f56bfc062723c751e8b465ee728b)
Start importing Assets/Scenes/Testing/Main Camera.prefab using Guid(cb7cd0027272e4a338f8aa87426d7368) Importer(815301076,1909f56bfc062723c751e8b465ee728b)  -> (artifact id: '1408517db88ca3c58793116e98c88e18') in 0.304450 seconds 
  Import took 0.316179 seconds .

========================================================================
Received Import Request.
  Time since last request: 3.635811 seconds.
  path: Assets/Scenes/Testing/Player.prefab
  artifactKey: Guid(2a29f82f17e72404bb966d4f7f898d54) Importer(815301076,1909f56bfc062723c751e8b465ee728b)
Start importing Assets/Scenes/Testing/Player.prefab using Guid(2a29f82f17e72404bb966d4f7f898d54) Importer(815301076,1909f56bfc062723c751e8b465ee728b)  -> (artifact id: 'a30a81a61380438776c4d127b9a5155e') in 0.273120 seconds 
  Import took 0.279017 seconds .

========================================================================
Received Import Request.
  Time since last request: 3.185498 seconds.
  path: Assets/Scenes/Game.unity
  artifactKey: Guid(a2c096c81e1d747fd9fdbf036c299135) Importer(815301076,1909f56bfc062723c751e8b465ee728b)
Start importing Assets/Scenes/Game.unity using Guid(a2c096c81e1d747fd9fdbf036c299135) Importer(815301076,1909f56bfc062723c751e8b465ee728b)  -> (artifact id: '21649396305ebe85058e59c8c9fedd77') in 0.008784 seconds 
  Import took 0.016046 seconds .

========================================================================
Received Import Request.
  Time since last request: 39.837945 seconds.
  path: Assets/Prefabs/object_bush.prefab
  artifactKey: Guid(d362feadee39c9f4db634682ebd2dcff) Importer(815301076,1909f56bfc062723c751e8b465ee728b)
Start importing Assets/Prefabs/object_bush.prefab using Guid(d362feadee39c9f4db634682ebd2dcff) Importer(815301076,1909f56bfc062723c751e8b465ee728b)  -> (artifact id: 'c14cdef4f8d5a267bd57bea5b226fea1') in 0.016862 seconds 
  Import took 0.022715 seconds .

========================================================================
Received Import Request.
  Time since last request: 0.000394 seconds.
  path: Assets/Prefabs/Player.prefab
  artifactKey: Guid(11c1b99755dfb1b4a9ae4dba02868101) Importer(815301076,1909f56bfc062723c751e8b465ee728b)
Start importing Assets/Prefabs/Player.prefab using Guid(11c1b99755dfb1b4a9ae4dba02868101) Importer(815301076,1909f56bfc062723c751e8b465ee728b)  -> (artifact id: 'def88692efc39a33333b19cca32952da') in 0.021469 seconds 
  Import took 0.029119 seconds .

========================================================================
Received Import Request.
  Time since last request: 0.000343 seconds.
  path: Assets/Prefabs/object_streetlamp.prefab
  artifactKey: Guid(e899ed89dcdcf3a47aa05f7e9c8d8627) Importer(815301076,1909f56bfc062723c751e8b465ee728b)
Start importing Assets/Prefabs/object_streetlamp.prefab using Guid(e899ed89dcdcf3a47aa05f7e9c8d8627) Importer(815301076,1909f56bfc062723c751e8b465ee728b)  -> (artifact id: 'f0cc98c771825c1071cf47657f4977f1') in 0.043939 seconds 
  Import took 0.052003 seconds .

========================================================================
Received Import Request.
  Time since last request: 0.000677 seconds.
  path: Assets/Prefabs/object_hotdogstand.prefab
  artifactKey: Guid(d0e0c375a63c90a40abb1c3f68b29417) Importer(815301076,1909f56bfc062723c751e8b465ee728b)
Start importing Assets/Prefabs/object_hotdogstand.prefab using Guid(d0e0c375a63c90a40abb1c3f68b29417) Importer(815301076,1909f56bfc062723c751e8b465ee728b)  -> (artifact id: '3b43013220644d5a12fd4700492ef625') in 0.058013 seconds 
  Import took 0.065412 seconds .

========================================================================
Received Import Request.
  Time since last request: 0.000361 seconds.
  path: Assets/Prefabs/object_parkbench.prefab
  artifactKey: Guid(1c8e65240277fc04aaf7eacff51d7bd8) Importer(815301076,1909f56bfc062723c751e8b465ee728b)
Start importing Assets/Prefabs/object_parkbench.prefab using Guid(1c8e65240277fc04aaf7eacff51d7bd8) Importer(815301076,1909f56bfc062723c751e8b465ee728b)  -> (artifact id: '0da314e62ca0eb209c55d205d40d1430') in 0.024412 seconds 
  Import took 0.029256 seconds .

========================================================================
Received Import Request.
  Time since last request: 142.105982 seconds.
  path: Assets/TextMesh Pro/Examples & Extras/Resources/Fonts & Materials/Anton SDF.asset
  artifactKey: Guid(8a89fa14b10d46a99122fd4f73fca9a2) Importer(815301076,1909f56bfc062723c751e8b465ee728b)
Start importing Assets/TextMesh Pro/Examples & Extras/Resources/Fonts & Materials/Anton SDF.asset using Guid(8a89fa14b10d46a99122fd4f73fca9a2) Importer(815301076,1909f56bfc062723c751e8b465ee728b)  -> (artifact id: '89f74535dbbe80d820aad8820167369b') in 0.345490 seconds 
  Import took 0.355685 seconds .

========================================================================
Received Import Request.
  Time since last request: 0.002542 seconds.
  path: Assets/TextMesh Pro/Examples & Extras/Textures/Brushed Metal 3.jpg
  artifactKey: Guid(f88677df267a41d6be1e7a6133e7d227) Importer(815301076,1909f56bfc062723c751e8b465ee728b)
Start importing Assets/TextMesh Pro/Examples & Extras/Textures/Brushed Metal 3.jpg using Guid(f88677df267a41d6be1e7a6133e7d227) Importer(815301076,1909f56bfc062723c751e8b465ee728b)  -> (artifact id: '4840aca3da85459ad29731c942d57661') in 2.191239 seconds 
  Import took 2.209492 seconds .

========================================================================
Received Import Request.
  Time since last request: 0.000416 seconds.
  path: Assets/TextMesh Pro/Examples & Extras/Resources/Fonts & Materials/Electronic Highway Sign SDF.asset
  artifactKey: Guid(dc36b3fdc14f47ebb36fd484a67e268a) Importer(815301076,1909f56bfc062723c751e8b465ee728b)
Start importing Assets/TextMesh Pro/Examples & Extras/Resources/Fonts & Materials/Electronic Highway Sign SDF.asset using Guid(dc36b3fdc14f47ebb36fd484a67e268a) Importer(815301076,1909f56bfc062723c751e8b465ee728b)  -> (artifact id: 'aecbacf0b5b681b775f225c866b98f6e') in 0.041652 seconds 
  Import took 0.063928 seconds .

========================================================================
Received Import Request.
  Time since last request: 0.000458 seconds.
  path: Assets/TextMesh Pro/Examples & Extras/Sprites/Default Sprites.png
  artifactKey: Guid(a0fc465d6cf04254a2938578735e2383) Importer(815301076,1909f56bfc062723c751e8b465ee728b)
Start importing Assets/TextMesh Pro/Examples & Extras/Sprites/Default Sprites.png using Guid(a0fc465d6cf04254a2938578735e2383) Importer(815301076,1909f56bfc062723c751e8b465ee728b)  -> (artifact id: '8a33629ad0103a376de0b297307e9ba4') in 2.256726 seconds 
  Import took 2.266944 seconds .

========================================================================
Received Import Request.
  Time since last request: 0.000524 seconds.
  path: Assets/Prefabs/NewBrush.brush
  artifactKey: Guid(71e922c9df6554f13a68a22617f46675) Importer(815301076,1909f56bfc062723c751e8b465ee728b)
Start importing Assets/Prefabs/NewBrush.brush using Guid(71e922c9df6554f13a68a22617f46675) Importer(815301076,1909f56bfc062723c751e8b465ee728b)  -> (artifact id: '1066fc82dc27ec82c5db7dd76bb83a66') in 0.268965 seconds 
  Import took 0.282846 seconds .

========================================================================
Received Import Request.
  Time since last request: 5.825190 seconds.
  path: Assets/TextMesh Pro/Examples & Extras/Resources/Fonts & Materials/Bangers SDF.asset
  artifactKey: Guid(125cb55b44b24c4393181402bc6200e6) Importer(815301076,1909f56bfc062723c751e8b465ee728b)
Start importing Assets/TextMesh Pro/Examples & Extras/Resources/Fonts & Materials/Bangers SDF.asset using Guid(125cb55b44b24c4393181402bc6200e6) Importer(815301076,1909f56bfc062723c751e8b465ee728b)  -> (artifact id: '6ba1bb398137a00be6e06e68b72b365d') in 0.093380 seconds 
  Import took 0.106195 seconds .

========================================================================
Received Import Request.
  Time since last request: 0.000577 seconds.
  path: Assets/Sprites/UI/button_check.png
  artifactKey: Guid(f9801d4c90224ab4a8d1a33f16525dcf) Importer(815301076,1909f56bfc062723c751e8b465ee728b)
Start importing Assets/Sprites/UI/button_check.png using Guid(f9801d4c90224ab4a8d1a33f16525dcf) Importer(815301076,1909f56bfc062723c751e8b465ee728b)  -> (artifact id: 'bc10f220bcf067236d01111b31794352') in 0.101438 seconds 
  Import took 0.111063 seconds .

========================================================================
Received Import Request.
  Time since last request: 0.000486 seconds.
  path: Assets/Sprites/UI/button_check_hover.png
  artifactKey: Guid(911bdeb2f43a8aa46b2cc681eaf461ee) Importer(815301076,1909f56bfc062723c751e8b465ee728b)
Start importing Assets/Sprites/UI/button_check_hover.png using Guid(911bdeb2f43a8aa46b2cc681eaf461ee) Importer(815301076,1909f56bfc062723c751e8b465ee728b)  -> (artifact id: 'c357852075f2be5dcbf3f13bdd8a8d70') in 0.029770 seconds 
  Import took 0.039177 seconds .

========================================================================
Received Import Request.
  Time since last request: 0.000565 seconds.
  path: Assets/Sprites/cursor32x32.png
  artifactKey: Guid(6a1ed6c51d363bb4eabb21c5eb7fd4a9) Importer(815301076,1909f56bfc062723c751e8b465ee728b)
Start importing Assets/Sprites/cursor32x32.png using Guid(6a1ed6c51d363bb4eabb21c5eb7fd4a9) Importer(815301076,1909f56bfc062723c751e8b465ee728b)  -> (artifact id: '4633d66619386f87afe21a2927919fec') in 0.027038 seconds 
  Import took 0.036172 seconds .

========================================================================
Received Import Request.
  Time since last request: 0.531814 seconds.
  path: Assets/TextMesh Pro/Examples & Extras/Sprites/DropCap Numbers.psd
  artifactKey: Guid(fd09957580ac4326916010f1f260975b) Importer(815301076,1909f56bfc062723c751e8b465ee728b)
Start importing Assets/TextMesh Pro/Examples & Extras/Sprites/DropCap Numbers.psd using Guid(fd09957580ac4326916010f1f260975b) Importer(815301076,1909f56bfc062723c751e8b465ee728b)  -> (artifact id: 'c2c765973889385d49ff9595a230a8f3') in 0.716487 seconds 
  Import took 0.731535 seconds .

========================================================================
Received Import Request.
  Time since last request: 0.000469 seconds.
  path: Assets/TextMesh Pro/Sprites/EmojiOne.png
  artifactKey: Guid(dffef66376be4fa480fb02b19edbe903) Importer(815301076,1909f56bfc062723c751e8b465ee728b)
Start importing Assets/TextMesh Pro/Sprites/EmojiOne.png using Guid(dffef66376be4fa480fb02b19edbe903) Importer(815301076,1909f56bfc062723c751e8b465ee728b)  -> (artifact id: 'd78a27303d38c5bc73b55289faa0930d') in 0.023413 seconds 
  Import took 0.036311 seconds .

========================================================================
Received Import Request.
  Time since last request: 0.165781 seconds.
  path: Assets/Sprites/UI/exit_icon.png
  artifactKey: Guid(0bba16541b127574abc9ac9baf3c79f5) Importer(815301076,1909f56bfc062723c751e8b465ee728b)
Start importing Assets/Sprites/UI/exit_icon.png using Guid(0bba16541b127574abc9ac9baf3c79f5) Importer(815301076,1909f56bfc062723c751e8b465ee728b)  -> (artifact id: '51b11a01905ce8a857ccfa51dc77aa4b') in 0.031375 seconds 
  Import took 0.039125 seconds .

========================================================================
Received Import Request.
  Time since last request: 0.000584 seconds.
  path: Assets/Sprites/UI/exit_icon_hover.png
  artifactKey: Guid(46e65abe36942b34c8dffb0322e73b2e) Importer(815301076,1909f56bfc062723c751e8b465ee728b)
Start importing Assets/Sprites/UI/exit_icon_hover.png using Guid(46e65abe36942b34c8dffb0322e73b2e) Importer(815301076,1909f56bfc062723c751e8b465ee728b)  -> (artifact id: 'b879c054dea5a3118e837589b262a331') in 0.025283 seconds 
  Import took 0.036485 seconds .

========================================================================
Received Import Request.
  Time since last request: 0.169609 seconds.
  path: Assets/TextMesh Pro/Examples & Extras/Textures/Floor Cement.jpg
  artifactKey: Guid(283f897e4925411ebbaa758b4cb13fc2) Importer(815301076,1909f56bfc062723c751e8b465ee728b)
Start importing Assets/TextMesh Pro/Examples & Extras/Textures/Floor Cement.jpg using Guid(283f897e4925411ebbaa758b4cb13fc2) Importer(815301076,1909f56bfc062723c751e8b465ee728b)  -> (artifact id: '70f05136bc122160115891ab6f9ed828') in 0.028439 seconds 
  Import took 0.037232 seconds .

========================================================================
Received Import Request.
  Time since last request: 0.000469 seconds.
  path: Assets/TextMesh Pro/Examples & Extras/Textures/Floor Tiles 1 - diffuse.jpg
  artifactKey: Guid(85ac55597b97403c82fc6601a93cf241) Importer(815301076,1909f56bfc062723c751e8b465ee728b)
Start importing Assets/TextMesh Pro/Examples & Extras/Textures/Floor Tiles 1 - diffuse.jpg using Guid(85ac55597b97403c82fc6601a93cf241) Importer(815301076,1909f56bfc062723c751e8b465ee728b)  -> (artifact id: '80f54130f1c86677e41a553c280503d6') in 0.018380 seconds 
  Import took 0.028584 seconds .

========================================================================
Received Import Request.
  Time since last request: 0.167639 seconds.
  path: Assets/TextMesh Pro/Examples & Extras/Fonts/Roboto-Bold.ttf
  artifactKey: Guid(4beb055f07aaff244873dec698d0363e) Importer(815301076,1909f56bfc062723c751e8b465ee728b)
Start importing Assets/TextMesh Pro/Examples & Extras/Fonts/Roboto-Bold.ttf using Guid(4beb055f07aaff244873dec698d0363e) Importer(815301076,1909f56bfc062723c751e8b465ee728b)  -> (artifact id: '3da090ad0cb84772795ce44016cb0588') in 3.473142 seconds 
  Import took 3.492585 seconds .

========================================================================
Received Import Request.
  Time since last request: 0.000372 seconds.
  path: Assets/TextMesh Pro/Fonts/LiberationSans.ttf
  artifactKey: Guid(e3265ab4bf004d28a9537516768c1c75) Importer(815301076,1909f56bfc062723c751e8b465ee728b)
Start importing Assets/TextMesh Pro/Fonts/LiberationSans.ttf using Guid(e3265ab4bf004d28a9537516768c1c75) Importer(815301076,1909f56bfc062723c751e8b465ee728b)  -> (artifact id: 'a31d09850e079c4c77073532874e4c7b') in 0.048223 seconds 
  Import took 0.056169 seconds .

========================================================================
Received Import Request.
  Time since last request: 0.706163 seconds.
  path: Assets/Prefabs/NewBrush.brush
  artifactKey: Guid(71e922c9df6554f13a68a22617f46675) Importer(815301076,1909f56bfc062723c751e8b465ee728b)
Start importing Assets/Prefabs/NewBrush.brush using Guid(71e922c9df6554f13a68a22617f46675) Importer(815301076,1909f56bfc062723c751e8b465ee728b)  -> (artifact id: '7ec0c49048535b848e5f169d9134f0e8') in 0.024077 seconds 
  Import took 0.032682 seconds .

========================================================================
Received Import Request.
  Time since last request: 32.595616 seconds.
  path: Assets/TextMesh Pro/Examples & Extras/Fonts/Oswald-Bold.ttf
  artifactKey: Guid(c9f6d0e7bc8541498c9a4799ba184ede) Importer(815301076,1909f56bfc062723c751e8b465ee728b)
Start importing Assets/TextMesh Pro/Examples & Extras/Fonts/Oswald-Bold.ttf using Guid(c9f6d0e7bc8541498c9a4799ba184ede) Importer(815301076,1909f56bfc062723c751e8b465ee728b)  -> (artifact id: '5b8c1a00bffbbca26daddf1be33f1de4') in 0.027337 seconds 
  Import took 0.045357 seconds .

========================================================================
Received Import Request.
  Time since last request: 0.045868 seconds.
  path: Assets/TextMesh Pro/Examples & Extras/Fonts/Electronic Highway Sign.TTF
  artifactKey: Guid(8a2b9e2a607dd2143b58c44bc32410b4) Importer(815301076,1909f56bfc062723c751e8b465ee728b)
Start importing Assets/TextMesh Pro/Examples & Extras/Fonts/Electronic Highway Sign.TTF using Guid(8a2b9e2a607dd2143b58c44bc32410b4) Importer(815301076,1909f56bfc062723c751e8b465ee728b)  -> (artifact id: '5d591faf4c08405dec947fe17efa8475') in 3.902013 seconds 
  Import took 3.923111 seconds .

========================================================================
Received Import Request.
  Time since last request: 0.000407 seconds.
  path: Assets/TextMesh Pro/Examples & Extras/Textures/Small Crate_normal.jpg
  artifactKey: Guid(8878a782f4334ecbbcf683b3ac780966) Importer(815301076,1909f56bfc062723c751e8b465ee728b)
Start importing Assets/TextMesh Pro/Examples & Extras/Textures/Small Crate_normal.jpg using Guid(8878a782f4334ecbbcf683b3ac780966) Importer(815301076,1909f56bfc062723c751e8b465ee728b)  -> (artifact id: '4b609c283513169fbc0b5f763d29850a') in 0.152764 seconds 
  Import took 0.161350 seconds .

========================================================================
Received Import Request.
  Time since last request: 0.000350 seconds.
  path: Assets/TextMesh Pro/Examples & Extras/Textures/Mask Zig-n-Zag.psd
  artifactKey: Guid(bb8dfcd263ad4eb383a33d74a720be6f) Importer(815301076,1909f56bfc062723c751e8b465ee728b)
Start importing Assets/TextMesh Pro/Examples & Extras/Textures/Mask Zig-n-Zag.psd using Guid(bb8dfcd263ad4eb383a33d74a720be6f) Importer(815301076,1909f56bfc062723c751e8b465ee728b)  -> (artifact id: 'dd3ba540b7f225a41987c4ebbe198b5a') in 0.022554 seconds 
  Import took 0.031504 seconds .

========================================================================
Received Import Request.
  Time since last request: 0.000730 seconds.
  path: Assets/Sprites/UI/settingsframe.png
  artifactKey: Guid(696fd345d43dc9c4892d0f29b8049122) Importer(815301076,1909f56bfc062723c751e8b465ee728b)
Start importing Assets/Sprites/UI/settingsframe.png using Guid(696fd345d43dc9c4892d0f29b8049122) Importer(815301076,1909f56bfc062723c751e8b465ee728b)  -> (artifact id: '490d19b5a62b50644a34f4071ea93766') in 0.038168 seconds 
  Import took 0.051428 seconds .

========================================================================
Received Import Request.
  Time since last request: 0.000583 seconds.
  path: Assets/TextMesh Pro/Examples & Extras/Textures/Small Crate_diffuse.jpg
  artifactKey: Guid(602cb87b6a29443b8636370ea0751574) Importer(815301076,1909f56bfc062723c751e8b465ee728b)
Start importing Assets/TextMesh Pro/Examples & Extras/Textures/Small Crate_diffuse.jpg using Guid(602cb87b6a29443b8636370ea0751574) Importer(815301076,1909f56bfc062723c751e8b465ee728b)  -> (artifact id: 'f80be13996b320adad6eb2a84d02c950') in 0.026414 seconds 
  Import took 0.036089 seconds .

========================================================================
Received Import Request.
  Time since last request: 0.000564 seconds.
  path: Assets/TextMesh Pro/Examples & Extras/Textures/Wipe Pattern - Radial Quad.psd
  artifactKey: Guid(2b5e9ae96c5644d8bae932f8b4ca68a2) Importer(815301076,1909f56bfc062723c751e8b465ee728b)
Start importing Assets/TextMesh Pro/Examples & Extras/Textures/Wipe Pattern - Radial Quad.psd using Guid(2b5e9ae96c5644d8bae932f8b4ca68a2) Importer(815301076,1909f56bfc062723c751e8b465ee728b)  -> (artifact id: 'b9848f9c9bb63b24194b059074798de3') in 0.027991 seconds 
  Import took 0.039665 seconds .

========================================================================
Received Import Request.
  Time since last request: 0.004479 seconds.
  path: Assets/TextMesh Pro/Examples & Extras/Textures/Gradient Vertical (Color).jpg
  artifactKey: Guid(03d0538de6e24c0f819bfc9ce084dfa9) Importer(815301076,1909f56bfc062723c751e8b465ee728b)
Start importing Assets/TextMesh Pro/Examples & Extras/Textures/Gradient Vertical (Color).jpg using Guid(03d0538de6e24c0f819bfc9ce084dfa9) Importer(815301076,1909f56bfc062723c751e8b465ee728b)  -> (artifact id: '6c390d672696c941c403ccbeca197220') in 0.024662 seconds 
  Import took 0.033008 seconds .

========================================================================
Received Import Request.
  Time since last request: 0.001757 seconds.
  path: Assets/TextMesh Pro/Examples & Extras/Textures/Wipe Pattern - Circle.psd
  artifactKey: Guid(10c49fcd9c64421db7c0133e61e55f97) Importer(815301076,1909f56bfc062723c751e8b465ee728b)
Start importing Assets/TextMesh Pro/Examples & Extras/Textures/Wipe Pattern - Circle.psd using Guid(10c49fcd9c64421db7c0133e61e55f97) Importer(815301076,1909f56bfc062723c751e8b465ee728b)  -> (artifact id: '433e0c9d28d88043c9124ea57aa57812') in 0.017114 seconds 
  Import took 0.028842 seconds .

========================================================================
Received Import Request.
  Time since last request: 0.000636 seconds.
  path: Assets/TextMesh Pro/Examples & Extras/Textures/Gradient Horizontal (Color).jpg
  artifactKey: Guid(6eb184de103d4b3f812b38561065192f) Importer(815301076,1909f56bfc062723c751e8b465ee728b)
Start importing Assets/TextMesh Pro/Examples & Extras/Textures/Gradient Horizontal (Color).jpg using Guid(6eb184de103d4b3f812b38561065192f) Importer(815301076,1909f56bfc062723c751e8b465ee728b)  -> (artifact id: 'bf3e0c964b6d18246db8b74c61a0e2ed') in 0.031633 seconds 
  Import took 0.040961 seconds .

========================================================================
Received Import Request.
  Time since last request: 0.004830 seconds.
  path: Assets/TextMesh Pro/Examples & Extras/Textures/Gradient Diagonal (Color).jpg
  artifactKey: Guid(2ce5c55e85304b819a1826ecbc839aa5) Importer(815301076,1909f56bfc062723c751e8b465ee728b)
Start importing Assets/TextMesh Pro/Examples & Extras/Textures/Gradient Diagonal (Color).jpg using Guid(2ce5c55e85304b819a1826ecbc839aa5) Importer(815301076,1909f56bfc062723c751e8b465ee728b)  -> (artifact id: '96c6ce930e9af133b9bafe8787262f4d') in 0.019542 seconds 
  Import took 0.033121 seconds .

========================================================================
Received Import Request.
  Time since last request: 0.000766 seconds.
  path: Assets/TextMesh Pro/Examples & Extras/Textures/Text Overflow - Linked Text Image 1.png
  artifactKey: Guid(4ccf43d26c4748c792174516f4a8fcef) Importer(815301076,1909f56bfc062723c751e8b465ee728b)
Start importing Assets/TextMesh Pro/Examples & Extras/Textures/Text Overflow - Linked Text Image 1.png using Guid(4ccf43d26c4748c792174516f4a8fcef) Importer(815301076,1909f56bfc062723c751e8b465ee728b)  -> (artifact id: '589130bfe29552cba2ffca95a9314240') in 0.028920 seconds 
  Import took 0.040945 seconds .

========================================================================
Received Import Request.
  Time since last request: 0.000616 seconds.
  path: Assets/TextMesh Pro/Examples & Extras/Textures/Sunny Days - Seamless.jpg
  artifactKey: Guid(17c350171f7a3ca479f830547c66d187) Importer(815301076,1909f56bfc062723c751e8b465ee728b)
Start importing Assets/TextMesh Pro/Examples & Extras/Textures/Sunny Days - Seamless.jpg using Guid(17c350171f7a3ca479f830547c66d187) Importer(815301076,1909f56bfc062723c751e8b465ee728b)  -> (artifact id: 'afb92d2137c33c3d67aafdf56daa70ed') in 0.035442 seconds 
  Import took 0.045560 seconds .

========================================================================
Received Import Request.
  Time since last request: 0.000555 seconds.
  path: Assets/TextMesh Pro/Examples & Extras/Textures/Wipe Pattern - Diagonal.psd
  artifactKey: Guid(ed5290d8df18488780e2996b9b882f01) Importer(815301076,1909f56bfc062723c751e8b465ee728b)
Start importing Assets/TextMesh Pro/Examples & Extras/Textures/Wipe Pattern - Diagonal.psd using Guid(ed5290d8df18488780e2996b9b882f01) Importer(815301076,1909f56bfc062723c751e8b465ee728b)  -> (artifact id: '856a6a32c85ce441b2c1b9b4a7368781') in 0.022865 seconds 
  Import took 0.034503 seconds .

========================================================================
Received Import Request.
  Time since last request: 0.001811 seconds.
  path: Assets/TextMesh Pro/Resources/Fonts & Materials/LiberationSans SDF - Fallback.asset
  artifactKey: Guid(2e498d1c8094910479dc3e1b768306a4) Importer(815301076,1909f56bfc062723c751e8b465ee728b)
Start importing Assets/TextMesh Pro/Resources/Fonts & Materials/LiberationSans SDF - Fallback.asset using Guid(2e498d1c8094910479dc3e1b768306a4) Importer(815301076,1909f56bfc062723c751e8b465ee728b)  -> (artifact id: 'b8c2210586957436df79bf961aeff06e') in 0.055572 seconds 
  Import took 0.065976 seconds .

========================================================================
Received Import Request.
  Time since last request: 0.006368 seconds.
  path: Assets/TextMesh Pro/Examples & Extras/Textures/Fruit Jelly (B&W).jpg
  artifactKey: Guid(1cdc5b506b1a4a33a53c30669ced1f51) Importer(815301076,1909f56bfc062723c751e8b465ee728b)
Start importing Assets/TextMesh Pro/Examples & Extras/Textures/Fruit Jelly (B&W).jpg using Guid(1cdc5b506b1a4a33a53c30669ced1f51) Importer(815301076,1909f56bfc062723c751e8b465ee728b)  -> (artifact id: '8f35fe619262576d87a7be15bf20aa41') in 0.058277 seconds 
  Import took 0.073694 seconds .

========================================================================
Received Import Request.
  Time since last request: 0.001089 seconds.
  path: Assets/TextMesh Pro/Examples & Extras/Resources/Fonts & Materials/Roboto-Bold SDF.asset
  artifactKey: Guid(5302535af1044152a457ed104f1f4b91) Importer(815301076,1909f56bfc062723c751e8b465ee728b)
Start importing Assets/TextMesh Pro/Examples & Extras/Resources/Fonts & Materials/Roboto-Bold SDF.asset using Guid(5302535af1044152a457ed104f1f4b91) Importer(815301076,1909f56bfc062723c751e8b465ee728b)  -> (artifact id: 'bfb93c09ad45f6e656fb1966a95741fa') in 0.041378 seconds 
  Import took 0.051820 seconds .

========================================================================
Received Import Request.
  Time since last request: 0.000457 seconds.
  path: Assets/TextMesh Pro/Examples & Extras/Fonts/Bangers.ttf
  artifactKey: Guid(5dd49b3eacc540408c98eee0de38e0f1) Importer(815301076,1909f56bfc062723c751e8b465ee728b)
Start importing Assets/TextMesh Pro/Examples & Extras/Fonts/Bangers.ttf using Guid(5dd49b3eacc540408c98eee0de38e0f1) Importer(815301076,1909f56bfc062723c751e8b465ee728b)  -> (artifact id: 'b525bf5cce1ab3bb4f9373e3154b9a3a') in 0.066395 seconds 
  Import took 0.075161 seconds .

========================================================================
Received Import Request.
  Time since last request: 0.000836 seconds.
  path: Assets/TextMesh Pro/Resources/Fonts & Materials/LiberationSans SDF.asset
  artifactKey: Guid(8f586378b4e144a9851e7b34d9b748ee) Importer(815301076,1909f56bfc062723c751e8b465ee728b)
Start importing Assets/TextMesh Pro/Resources/Fonts & Materials/LiberationSans SDF.asset using Guid(8f586378b4e144a9851e7b34d9b748ee) Importer(815301076,1909f56bfc062723c751e8b465ee728b)  -> (artifact id: 'f1280cc7be10b532b2897fc8654f95d3') in 0.275808 seconds 
  Import took 0.291047 seconds .

========================================================================
Received Import Request.
  Time since last request: 0.000965 seconds.
  path: Assets/TextMesh Pro/Examples & Extras/Textures/Text Overflow - Linked Text UI Screenshot.png
  artifactKey: Guid(c76d18757a194d618355f05f815cb0a1) Importer(815301076,1909f56bfc062723c751e8b465ee728b)
Start importing Assets/TextMesh Pro/Examples & Extras/Textures/Text Overflow - Linked Text UI Screenshot.png using Guid(c76d18757a194d618355f05f815cb0a1) Importer(815301076,1909f56bfc062723c751e8b465ee728b)  -> (artifact id: 'f5d785017ec57c0f92741d9574ede7a0') in 0.044954 seconds 
  Import took 0.060810 seconds .

========================================================================
Received Import Request.
  Time since last request: 0.000419 seconds.
  path: Assets/TextMesh Pro/Examples & Extras/Resources/Fonts & Materials/Oswald Bold SDF.asset
  artifactKey: Guid(0161d805a3764c089bef00bfe00793f5) Importer(815301076,1909f56bfc062723c751e8b465ee728b)
Start importing Assets/TextMesh Pro/Examples & Extras/Resources/Fonts & Materials/Oswald Bold SDF.asset using Guid(0161d805a3764c089bef00bfe00793f5) Importer(815301076,1909f56bfc062723c751e8b465ee728b)  -> (artifact id: 'd214e28bdeb8e7d744101e38a9ef9c0f') in 0.038244 seconds 
  Import took 0.047776 seconds .

========================================================================
Received Import Request.
  Time since last request: 0.001612 seconds.
  path: Assets/TextMesh Pro/Examples & Extras/Textures/Wipe Pattern - Radial Double.psd
  artifactKey: Guid(7631f4eff8f74ed38eb3eb9db17134e1) Importer(815301076,1909f56bfc062723c751e8b465ee728b)
Start importing Assets/TextMesh Pro/Examples & Extras/Textures/Wipe Pattern - Radial Double.psd using Guid(7631f4eff8f74ed38eb3eb9db17134e1) Importer(815301076,1909f56bfc062723c751e8b465ee728b)  -> (artifact id: '06f3f22f9b0c2e09daf4bff7dd464515') in 0.018371 seconds 
  Import took 0.029337 seconds .

========================================================================
Received Import Request.
  Time since last request: 0.000387 seconds.
  path: Assets/TextMesh Pro/Examples & Extras/Fonts/Anton.ttf
  artifactKey: Guid(997a43b767814dd0a7642ec9b78cba41) Importer(815301076,1909f56bfc062723c751e8b465ee728b)
Start importing Assets/TextMesh Pro/Examples & Extras/Fonts/Anton.ttf using Guid(997a43b767814dd0a7642ec9b78cba41) Importer(815301076,1909f56bfc062723c751e8b465ee728b)  -> (artifact id: '7106ff1dcf1ba0ec63a341ab912ac9e5') in 0.064549 seconds 
  Import took 0.082680 seconds .

========================================================================
Received Import Request.
  Time since last request: 3.284041 seconds.
  path: Assets/Prefabs/NewBrush.brush
  artifactKey: Guid(71e922c9df6554f13a68a22617f46675) Importer(815301076,1909f56bfc062723c751e8b465ee728b)
Start importing Assets/Prefabs/NewBrush.brush using Guid(71e922c9df6554f13a68a22617f46675) Importer(815301076,1909f56bfc062723c751e8b465ee728b)  -> (artifact id: '20d0d2b29755a338a2da398e453936e5') in 0.015759 seconds 
  Import took 0.025003 seconds .

========================================================================
Received Import Request.
  Time since last request: 126.139207 seconds.
  path: Assets/Scenes/Testing.unity
  artifactKey: Guid(05fef3c91d6654f39b282e861aefcc78) Importer(815301076,1909f56bfc062723c751e8b465ee728b)
Start importing Assets/Scenes/Testing.unity using Guid(05fef3c91d6654f39b282e861aefcc78) Importer(815301076,1909f56bfc062723c751e8b465ee728b)  -> (artifact id: '831acaa8255db791ccc516bf3ba6afe5') in 0.014353 seconds 
  Import took 0.024302 seconds .

========================================================================
Received Prepare
Registering precompiled user dll's ...
Registered in 0.009664 seconds.
Begin MonoManager ReloadAssembly
Native extension for WindowsStandalone target not found
Native extension for OSXStandalone target not found
Refreshing native plugins compatible for Editor in 0.49 ms, found 2 plugins.
Preloading 0 native plugins for Editor in 0.00 ms.
2022-04-22 13:50:45.156 Unity[86476:2925419] NSEventModifierFlagFunction specified to -setKeyEquivalentModifierMask: for item <NSMenuItem: 0x600002b8eca0 Font Asset, ke='Command-F12'>, but is only supported for system-provided menu items; will not be used
Mono: successfully reloaded assembly
- Completed reload, in  3.541 seconds
Domain Reload Profiling:
	ReloadAssembly (3542ms)
		BeginReloadAssembly (285ms)
			ExecutionOrderSort (0ms)
			DisableScriptedObjects (17ms)
			BackupInstance (0ms)
			ReleaseScriptingObjects (0ms)
			CreateAndSetChildDomain (140ms)
		EndReloadAssembly (3144ms)
			LoadAssemblies (222ms)
			RebuildTransferFunctionScriptingTraits (0ms)
			SetupTypeCache (732ms)
			ReleaseScriptCaches (1ms)
			RebuildScriptCaches (135ms)
			SetupLoadedEditorAssemblies (1826ms)
				LogAssemblyErrors (0ms)
				InitializePlatformSupportModulesInManaged (9ms)
				SetLoadedEditorAssemblies (1ms)
				RefreshPlugins (1ms)
				BeforeProcessingInitializeOnLoad (230ms)
				ProcessInitializeOnLoadAttributes (1555ms)
				ProcessInitializeOnLoadMethodAttributes (29ms)
				AfterProcessingInitializeOnLoad (2ms)
				EditorAssembliesLoaded (1ms)
			ExecutionOrderSort2 (0ms)
			AwakeInstancesAfterBackupRestoration (14ms)
Platform modules already initialized, skipping
Refreshing native plugins compatible for Editor in 0.67 ms, found 2 plugins.
Preloading 0 native plugins for Editor in 0.00 ms.
Unloading 1688 Unused Serialized files (Serialized files now loaded: 0)
System memory in use before: 232.1 MB.
System memory in use after: 232.0 MB.

Unloading 20 unused Assets to reduce memory usage. Loaded Objects now: 2309.
Total: 7.681079 ms (FindLiveObjects: 0.198955 ms CreateObjectMapping: 0.323196 ms MarkObjects: 6.625400 ms  DeleteObjects: 0.531662 ms)

AssetImportParameters requested are different than current active one (requested -> active):
  custom:video-decoder-ogg-theora: a1e56fd34408186e4bbccfd4996cb3dc -> 
  custom:container-muxer-webm: aa71ff27fc2769a1b78a27578f13a17b -> 
  custom:container-demuxer-webm: 4f35f7cbe854078d1ac9338744f61a02 -> 
  custom:container-demuxer-ogg: 62fdf1f143b41e24485cea50d1cbac27 -> 
  custom:video-encoder-webm-vp8: eb34c28f22e8b96e1ab97ce403110664 -> 
  custom:framework-osx-AVFoundation: e770b220cccbd017edd2c1fefb359320 -> 
  custom:video-decoder-webm-vp8: 9c59270c3fd7afecdb556c50c9e8de78 -> 
  custom:audio-decoder-ogg-vorbis: bf7c407c2cedff20999df2af8eb42d56 -> 
  custom:audio-encoder-webm-vorbis: bf7c407c2cedff20999df2af8eb42d56 -> 
